#
# A fatal error has been detected by the Java Runtime Environment:
#
#  SIGSEGV (0xb) at pc=0x00007f6324af2401, pid=45, tid=133
#
# JRE version: OpenJDK Runtime Environment (11.0.7+10) (build 11.0.7+10-post-Ubuntu-2ubuntu218.04)
# Java VM: OpenJDK 64-Bit Server VM (11.0.7+10-post-Ubuntu-2ubuntu218.04, mixed mode, sharing, tiered, compressed oops, serial gc, linux-amd64)
# Problematic frame:
# C  [libjimage.so+0x2401]
#
# Core dump will be written. Default location: Core dumps may be processed with "/usr/share/apport/apport %p %s %c %d %P %E" (or dumping to /home/runner/Turtles/core.45)
#
# If you would like to submit a bug report, please visit:
#   https://bugs.launchpad.net/ubuntu/+source/openjdk-lts
#

---------------  S U M M A R Y ------------

Command Line: Main

Host: Intel(R) Xeon(R) CPU @ 2.30GHz, 4 cores, 512M, Ubuntu 18.04.4 LTS
Time: Sun Aug 23 17:15:40 2020 UTC elapsed time: 2909 seconds (0d 0h 48m 29s)

---------------  T H R E A D  ---------------

Current thread (0x00007f62c0001000):  JavaThread "XToolkt-Shutdown-Thread" [_thread_in_vm, id=133, stack(0x00007f631feff000,0x00007f6320000000)]

Stack: [0x00007f631feff000,0x00007f6320000000],  sp=0x00007f631fffd060,  free space=1016k
Native frames: (J=compiled Java code, A=aot compiled Java code, j=interpreted, Vv=VM code, C=native code)
C  [libjimage.so+0x2401]
C